app/build/intermediates/manifest_merge_blame_file/debug/processDebugMainManifest/manifest-merger-blame-debug-report.txt
1<?xml version="1.0" encoding="utf-8"?>
2<manifest xmlns:android="http://schemas.android.com/apk/res/android"
3    package="com.trailsense.app"
4    android:versionCode="1"
5    android:versionName="1.0" >
6
7    <uses-sdk
8        android:minSdkVersion="28"
9        android:targetSdkVersion="34" />
10
11    <uses-permission android:name="android.permission.ACCESS_FINE_LOCATION" />
11-->src\main\AndroidManifest.xml:4:5-79
11-->src\main\AndroidManifest.xml:4:22-76
12    <uses-permission android:name="android.permission.ACCESS_COARSE_LOCATION" />
12-->src\main\AndroidManifest.xml:5:5-81
12-->src\main\AndroidManifest.xml:5:22-78
13    <uses-permission android:name="android.permission.INTERNET" />
13-->src\main\AndroidManifest.xml:6:5-67
13-->src\main\AndroidManifest.xml:6:22-64
14    <uses-permission android:name="android.permission.ACCESS_NETWORK_STATE" />
14-->src\main\AndroidManifest.xml:7:5-79
14-->src\main\AndroidManifest.xml:7:22-76
15
16    <supports-screens
16-->[org.osmdroid:osmdroid-android:6.1.20] AndroidManifest.xml:9:5-12:40
17        android:anyDensity="true"
17-->[org.osmdroid:osmdroid-android:6.1.20] AndroidManifest.xml:10:9-34
18        android:largeScreens="true"
18-->[org.osmdroid:osmdroid-android:6.1.20] AndroidManifest.xml:11:9-36
19        android:normalScreens="true" />
19-->[org.osmdroid:osmdroid-android:6.1.20] AndroidManifest.xml:12:9-37
20
21    <uses-feature
21-->[org.osmdroid:osmdroid-android:6.1.20] AndroidManifest.xml:14:5-16:36
22        android:name="android.hardware.location.network"
22-->[org.osmdroid:osmdroid-android:6.1.20] AndroidManifest.xml:15:9-57
23        android:required="false" />
23-->[org.osmdroid:osmdroid-android:6.1.20] AndroidManifest.xml:16:9-33
24    <uses-feature
24-->[org.osmdroid:osmdroid-android:6.1.20] AndroidManifest.xml:17:5-19:36
25        android:name="android.hardware.location.gps"
25-->[org.osmdroid:osmdroid-android:6.1.20] AndroidManifest.xml:18:9-53
26        android:required="false" />
26-->[org.osmdroid:osmdroid-android:6.1.20] AndroidManifest.xml:19:9-33
27    <uses-feature
27-->[org.osmdroid:osmdroid-android:6.1.20] AndroidManifest.xml:20:5-22:36
28        android:name="android.hardware.telephony"
28-->[org.osmdroid:osmdroid-android:6.1.20] AndroidManifest.xml:21:9-50
29        android:required="false" />
29-->[org.osmdroid:osmdroid-android:6.1.20] AndroidManifest.xml:22:9-33
30    <uses-feature
30-->[org.osmdroid:osmdroid-android:6.1.20] AndroidManifest.xml:23:5-25:36
31        android:name="android.hardware.wifi"
31-->[org.osmdroid:osmdroid-android:6.1.20] AndroidManifest.xml:24:9-45
32        android:required="false" />
32-->[org.osmdroid:osmdroid-android:6.1.20] AndroidManifest.xml:25:9-33
33
34    <permission
34-->[androidx.core:core:1.9.0] AndroidManifest.xml:22:5-24:47
35        android:name="com.trailsense.app.DYNAMIC_RECEIVER_NOT_EXPORTED_PERMISSION"
35-->[androidx.core:core:1.9.0] AndroidManifest.xml:23:9-81
36        android:protectionLevel="signature" />
36-->[androidx.core:core:1.9.0] AndroidManifest.xml:24:9-44
37
38    <uses-permission android:name="com.trailsense.app.DYNAMIC_RECEIVER_NOT_EXPORTED_PERMISSION" />
38-->[androidx.core:core:1.9.0] AndroidManifest.xml:26:5-97
38-->[androidx.core:core:1.9.0] AndroidManifest.xml:26:22-94
39
40    <application
40-->src\main\AndroidManifest.xml:9:5-23:19
41        android:allowBackup="true"
41-->src\main\AndroidManifest.xml:10:9-35
42        android:appComponentFactory="androidx.core.app.CoreComponentFactory"
42-->[androidx.core:core:1.9.0] AndroidManifest.xml:28:18-86
43        android:debuggable="true"
44        android:extractNativeLibs="false"
45        android:icon="@android:drawable/sym_def_app_icon"
45-->src\main\AndroidManifest.xml:11:9-58
46        android:label="@string/app_name"
46-->src\main\AndroidManifest.xml:12:9-41
47        android:supportsRtl="true"
47-->src\main\AndroidManifest.xml:13:9-35
48        android:testOnly="true"
49        android:theme="@style/Theme.TrailSense" >
49-->src\main\AndroidManifest.xml:14:9-48
50        <activity
50-->src\main\AndroidManifest.xml:15:9-22:20
51            android:name="com.trailsense.app.MainActivity"
51-->src\main\AndroidManifest.xml:16:13-41
52            android:exported="true" >
52-->src\main\AndroidManifest.xml:17:13-36
53            <intent-filter>
53-->src\main\AndroidManifest.xml:18:13-21:29
54                <action android:name="android.intent.action.MAIN" />
54-->src\main\AndroidManifest.xml:19:17-69
54-->src\main\AndroidManifest.xml:19:25-66
55
56                <category android:name="android.intent.category.LAUNCHER" />
56-->src\main\AndroidManifest.xml:20:17-77
56-->src\main\AndroidManifest.xml:20:27-74
57            </intent-filter>
58        </activity>
59
60        <provider
60-->[androidx.emoji2:emoji2:1.2.0] AndroidManifest.xml:24:9-32:20
61            android:name="androidx.startup.InitializationProvider"
61-->[androidx.emoji2:emoji2:1.2.0] AndroidManifest.xml:25:13-67
62            android:authorities="com.trailsense.app.androidx-startup"
62-->[androidx.emoji2:emoji2:1.2.0] AndroidManifest.xml:26:13-68
63            android:exported="false" >
63-->[androidx.emoji2:emoji2:1.2.0] AndroidManifest.xml:27:13-37
64            <meta-data
64-->[androidx.emoji2:emoji2:1.2.0] AndroidManifest.xml:29:13-31:52
65                android:name="androidx.emoji2.text.EmojiCompatInitializer"
65-->[androidx.emoji2:emoji2:1.2.0] AndroidManifest.xml:30:17-75
66                android:value="androidx.startup" />
66-->[androidx.emoji2:emoji2:1.2.0] AndroidManifest.xml:31:17-49
67            <meta-data
67-->[androidx.lifecycle:lifecycle-process:2.6.1] AndroidManifest.xml:29:13-31:52
68                android:name="androidx.lifecycle.ProcessLifecycleInitializer"
68-->[androidx.lifecycle:lifecycle-process:2.6.1] AndroidManifest.xml:30:17-78
69                android:value="androidx.startup" />
69-->[androidx.lifecycle:lifecycle-process:2.6.1] AndroidManifest.xml:31:17-49
70            <meta-data
70-->[androidx.profileinstaller:profileinstaller:1.3.0] AndroidManifest.xml:29:13-31:52
71                android:name="androidx.profileinstaller.ProfileInstallerInitializer"
71-->[androidx.profileinstaller:profileinstaller:1.3.0] AndroidManifest.xml:30:17-85
72                android:value="androidx.startup" />
72-->[androidx.profileinstaller:profileinstaller:1.3.0] AndroidManifest.xml:31:17-49
73        </provider>
74
75        <receiver
75-->[androidx.profileinstaller:profileinstaller:1.3.0] AndroidManifest.xml:34:9-52:20
76            android:name="androidx.profileinstaller.ProfileInstallReceiver"
76-->[androidx.profileinstaller:profileinstaller:1.3.0] AndroidManifest.xml:35:13-76
77            android:directBootAware="false"
77-->[androidx.profileinstaller:profileinstaller:1.3.0] AndroidManifest.xml:36:13-44
78            android:enabled="true"
78-->[androidx.profileinstaller:profileinstaller:1.3.0] AndroidManifest.xml:37:13-35
79            android:exported="true"
79-->[androidx.profileinstaller:profileinstaller:1.3.0] AndroidManifest.xml:38:13-36
80            android:permission="android.permission.DUMP" >
80-->[androidx.profileinstaller:profileinstaller:1.3.0] AndroidManifest.xml:39:13-57
81            <intent-filter>
81-->[androidx.profileinstaller:profileinstaller:1.3.0] AndroidManifest.xml:40:13-42:29
82                <action android:name="androidx.profileinstaller.action.INSTALL_PROFILE" />
82-->[androidx.profileinstaller:profileinstaller:1.3.0] AndroidManifest.xml:41:17-91
82-->[androidx.profileinstaller:profileinstaller:1.3.0] AndroidManifest.xml:41:25-88
83            </intent-filter>
84            <intent-filter>
84-->[androidx.profileinstaller:profileinstaller:1.3.0] AndroidManifest.xml:43:13-45:29
85                <action android:name="androidx.profileinstaller.action.SKIP_FILE" />
85-->[androidx.profileinstaller:profileinstaller:1.3.0] AndroidManifest.xml:44:17-85
85-->[androidx.profileinstaller:profileinstaller:1.3.0] AndroidManifest.xml:44:25-82
86            </intent-filter>
87            <intent-filter>
87-->[androidx.profileinstaller:profileinstaller:1.3.0] AndroidManifest.xml:46:13-48:29
88                <action android:name="androidx.profileinstaller.action.SAVE_PROFILE" />
88-->[androidx.profileinstaller:profileinstaller:1.3.0] AndroidManifest.xml:47:17-88
88-->[androidx.profileinstaller:profileinstaller:1.3.0] AndroidManifest.xml:47:25-85
89            </intent-filter>
90            <intent-filter>
90-->[androidx.profileinstaller:profileinstaller:1.3.0] AndroidManifest.xml:49:13-51:29
91                <action android:name="androidx.profileinstaller.action.BENCHMARK_OPERATION" />
91-->[androidx.profileinstaller:profileinstaller:1.3.0] AndroidManifest.xml:50:17-95
91-->[androidx.profileinstaller:profileinstaller:1.3.0] AndroidManifest.xml:50:25-92
92            </intent-filter>
93        </receiver>
94    </application>
95
96</manifest>